<?xml version="1.0" encoding="UTF-8"?>
<!-- Generated by org.testng.reporters.JUnitReportReporter -->
<testsuite hostname="DESKTOP-BSCQ4A7" failures="0" tests="1" name="com.facebook.tests.LoginTest" time="25.284" errors="0" timestamp="2025-09-18T15:13:01 IST" skipped="0">
  <testcase classname="com.facebook.tests.LoginTest" name="loginTest" time="25.284"/>
</testsuite> <!-- com.facebook.tests.LoginTest -->
