<?xml version="1.0" encoding="UTF-8"?>
<!-- Generated by org.testng.reporters.JUnitReportReporter -->
<testsuite hostname="DESKTOP-BSCQ4A7" failures="0" tests="1" name="com.facebook.tests.PageFactoryLoginTest" time="3.728" errors="0" timestamp="2025-09-18T23:05:29 IST" skipped="0">
  <testcase classname="com.facebook.tests.PageFactoryLoginTest" name="loginTest" time="3.728"/>
</testsuite> <!-- com.facebook.tests.PageFactoryLoginTest -->
