<?xml version="1.0" encoding="UTF-8"?>
<!-- Generated by org.testng.reporters.JUnitReportReporter -->
<testsuite hostname="DESKTOP-BSCQ4A7" failures="0" tests="4" name="TESTNG2" time="0.055" errors="0" timestamp="2025-09-04T23:14:14 IST" skipped="0">
  <testcase classname="TESTNG2" name="mummy" time="0.036"/>
  <testcase classname="TESTNG2" name="tummy" time="0.004"/>
  <testcase classname="TESTNG2" name="shammi" time="0.010"/>
  <testcase classname="TESTNG2" name="pummy" time="0.005"/>
</testsuite> <!-- TESTNG2 -->
