<?xml version="1.0" encoding="UTF-8"?>
<!-- Generated by org.testng.reporters.JUnitReportReporter -->
<testsuite hostname="DESKTOP-BSCQ4A7" failures="0" tests="1" name="Assertion1" time="11.992" errors="0" timestamp="2025-09-15T17:13:16 IST" skipped="0">
  <testcase classname="Assertion1" name="testcase1" time="11.992"/>
</testsuite> <!-- Assertion1 -->
