<?xml version="1.0" encoding="UTF-8"?>
<!-- Generated by org.testng.reporters.JUnitReportReporter -->
<testsuite hostname="DESKTOP-BSCQ4A7" failures="0" tests="2" name="TestNG7" time="0.306" errors="0" timestamp="2025-09-05T19:42:12 IST" skipped="0">
  <testcase classname="TestNG7" name="a" time="0.299"/>
  <testcase classname="TestNG7" name="b" time="0.007"/>
</testsuite> <!-- TestNG7 -->
