<?xml version="1.0" encoding="UTF-8"?>
<!-- Generated by org.testng.reporters.JUnitReportReporter -->
<testsuite hostname="DESKTOP-BSCQ4A7" failures="0" tests="5" name="TestNG4" time="0.066" errors="0" timestamp="2025-09-05T07:04:04 IST" skipped="2">
  <testcase classname="TestNG4" name="d" time="0.015"/>
  <testcase classname="TestNG4" name="f" time="0.007">
    <skipped/>
  </testcase> <!-- f -->
  <testcase classname="TestNG4" name="c" time="0.031"/>
  <testcase classname="TestNG4" name="d" time="0.013"/>
  <testcase classname="TestNG4" name="b">
    <skipped/>
  </testcase> <!-- b -->
</testsuite> <!-- TestNG4 -->
