<?xml version="1.0" encoding="UTF-8"?>
<!-- Generated by org.testng.reporters.JUnitReportReporter -->
<testsuite hostname="DESKTOP-BSCQ4A7" failures="0" tests="3" name="TestNG5" time="0.038" errors="0" timestamp="2025-09-05T07:10:36 IST" skipped="1">
  <testcase classname="TestNG5" name="a" time="0.028"/>
  <testcase classname="TestNG5" name="c" time="0.010"/>
  <testcase classname="TestNG5" name="b">
    <skipped/>
  </testcase> <!-- b -->
</testsuite> <!-- TestNG5 -->
