<?xml version="1.0" encoding="UTF-8"?>
<!-- Generated by org.testng.reporters.JUnitReportReporter -->
<testsuite hostname="DESKTOP-BSCQ4A7" failures="0" tests="1" name="day1.HttpRequests" time="5.902" errors="0" timestamp="2025-10-28T21:34:20 IST" skipped="0">
  <testcase classname="day1.HttpRequests" name="getUsers" time="5.902"/>
</testsuite> <!-- day1.HttpRequests -->
