<?xml version="1.0" encoding="UTF-8"?>
<!-- Generated by org.testng.reporters.JUnitReportReporter -->
<testsuite hostname="DESKTOP-BSCQ4A7" failures="0" tests="1" name="javapackage.Test1" time="7.554" errors="0" timestamp="09 Sep 2025 14:22:25 GMT" skipped="0">
  <testcase classname="javapackage.Test1" name="a" time="7.554"/>
</testsuite> <!-- javapackage.Test1 -->
